# JRE version: Java(TM) SE Runtime Environment (8.0_301-b09) (build 1.8.0_301-b09)
# Java VM: Java HotSpot(TM) 64-Bit Server VM (25.301-b09 mixed mode windows-amd64 compressed oops)
Heap:
 PSYoungGen      total 28672K, used 14032K [0x00000000e0580000, 0x00000000e2580000, 0x0000000100000000)
  eden space 24576K, 57% used [0x00000000e0580000,0x00000000e1334120,0x00000000e1d80000)
  from space 4096K, 0% used [0x00000000e2180000,0x00000000e2180000,0x00000000e2580000)
  to   space 4096K, 0% used [0x00000000e1d80000,0x00000000e1d80000,0x00000000e2180000)
 ParOldGen       total 50688K, used 5799K [0x00000000a1000000, 0x00000000a4180000, 0x00000000e0580000)
  object space 50688K, 11% used [0x00000000a1000000,0x00000000a15a9c50,0x00000000a4180000)
 Metaspace       used 22700K, capacity 23026K, committed 23424K, reserved 1069056K
  class space    used 2815K, capacity 2921K, committed 2944K, reserved 1048576K
GC Heap History (6 events):
Event: 0.842 GC heap before
{Heap before GC invocations=1 (full 0):
 PSYoungGen      total 28672K, used 24576K [0x00000000e0580000, 0x00000000e2580000, 0x0000000100000000)
  eden space 24576K, 100% used [0x00000000e0580000,0x00000000e1d80000,0x00000000e1d80000)
  from space 4096K, 0% used [0x00000000e2180000,0x00000000e2180000,0x00000000e2580000)
  to   space 4096K, 0% used [0x00000000e1d80000,0x00000000e1d80000,0x00000000e2180000)
 ParOldGen       total 65536K, used 0K [0x00000000a1000000, 0x00000000a5000000, 0x00000000e0580000)
  object space 65536K, 0% used [0x00000000a1000000,0x00000000a1000000,0x00000000a5000000)
 Metaspace       used 17305K, capacity 17616K, committed 17920K, reserved 1064960K
  class space    used 2116K, capacity 2260K, committed 2304K, reserved 1048576K
Event: 0.849 GC heap after
Heap after GC invocations=1 (full 0):
 PSYoungGen      total 28672K, used 4080K [0x00000000e0580000, 0x00000000e2580000, 0x0000000100000000)
  eden space 24576K, 0% used [0x00000000e0580000,0x00000000e0580000,0x00000000e1d80000)
  from space 4096K, 99% used [0x00000000e1d80000,0x00000000e217c030,0x00000000e2180000)
  to   space 4096K, 0% used [0x00000000e2180000,0x00000000e2180000,0x00000000e2580000)
 ParOldGen       total 65536K, used 3259K [0x00000000a1000000, 0x00000000a5000000, 0x00000000e0580000)
  object space 65536K, 4% used [0x00000000a1000000,0x00000000a132edf8,0x00000000a5000000)
 Metaspace       used 17305K, capacity 17616K, committed 17920K, reserved 1064960K
  class space    used 2116K, capacity 2260K, committed 2304K, reserved 1048576K
}
Event: 2.181 GC heap before
{Heap before GC invocations=2 (full 0):
 PSYoungGen      total 28672K, used 14266K [0x00000000e0580000, 0x00000000e2580000, 0x0000000100000000)
  eden space 24576K, 41% used [0x00000000e0580000,0x00000000e0f72ad8,0x00000000e1d80000)
  from space 4096K, 99% used [0x00000000e1d80000,0x00000000e217c030,0x00000000e2180000)
  to   space 4096K, 0% used [0x00000000e2180000,0x00000000e2180000,0x00000000e2580000)
 ParOldGen       total 65536K, used 3259K [0x00000000a1000000, 0x00000000a5000000, 0x00000000e0580000)
  object space 65536K, 4% used [0x00000000a1000000,0x00000000a132edf8,0x00000000a5000000)
 Metaspace       used 20563K, capacity 20910K, committed 21248K, reserved 1067008K
  class space    used 2577K, capacity 2693K, committed 2816K, reserved 1048576K
Event: 2.186 GC heap after
Heap after GC invocations=2 (full 0):
 PSYoungGen      total 28672K, used 4080K [0x00000000e0580000, 0x00000000e2580000, 0x0000000100000000)
  eden space 24576K, 0% used [0x00000000e0580000,0x00000000e0580000,0x00000000e1d80000)
  from space 4096K, 99% used [0x00000000e2180000,0x00000000e257c030,0x00000000e2580000)
  to   space 4096K, 0% used [0x00000000e1d80000,0x00000000e1d80000,0x00000000e2180000)
 ParOldGen       total 65536K, used 4069K [0x00000000a1000000, 0x00000000a5000000, 0x00000000e0580000)
  object space 65536K, 6% used [0x00000000a1000000,0x00000000a13f9438,0x00000000a5000000)
 Metaspace       used 20563K, capacity 20910K, committed 21248K, reserved 1067008K
  class space    used 2577K, capacity 2693K, committed 2816K, reserved 1048576K
}
Event: 2.186 GC heap before
{Heap before GC invocations=3 (full 1):
 PSYoungGen      total 28672K, used 4080K [0x00000000e0580000, 0x00000000e2580000, 0x0000000100000000)
  eden space 24576K, 0% used [0x00000000e0580000,0x00000000e0580000,0x00000000e1d80000)
  from space 4096K, 99% used [0x00000000e2180000,0x00000000e257c030,0x00000000e2580000)
  to   space 4096K, 0% used [0x00000000e1d80000,0x00000000e1d80000,0x00000000e2180000)
 ParOldGen       total 65536K, used 4069K [0x00000000a1000000, 0x00000000a5000000, 0x00000000e0580000)
  object space 65536K, 6% used [0x00000000a1000000,0x00000000a13f9438,0x00000000a5000000)
 Metaspace       used 20563K, capacity 20910K, committed 21248K, reserved 1067008K
  class space    used 2577K, capacity 2693K, committed 2816K, reserved 1048576K
Event: 2.208 GC heap after
Heap after GC invocations=3 (full 1):
 PSYoungGen      total 28672K, used 0K [0x00000000e0580000, 0x00000000e2580000, 0x0000000100000000)
  eden space 24576K, 0% used [0x00000000e0580000,0x00000000e0580000,0x00000000e1d80000)
  from space 4096K, 0% used [0x00000000e2180000,0x00000000e2180000,0x00000000e2580000)
  to   space 4096K, 0% used [0x00000000e1d80000,0x00000000e1d80000,0x00000000e2180000)
 ParOldGen       total 50688K, used 5799K [0x00000000a1000000, 0x00000000a4180000, 0x00000000e0580000)
  object space 50688K, 11% used [0x00000000a1000000,0x00000000a15a9c50,0x00000000a4180000)
 Metaspace       used 20563K, capacity 20910K, committed 21248K, reserved 1067008K
  class space    used 2577K, capacity 2693K, committed 2816K, reserved 1048576K
}

